2017-02-15 23:57:16,995 [Worker-60] INFO  o.e.m.c.i.p.ProjectConfigurationManager - Collecting project info '/pom.xml' /Users/jaharsh/Documents/eclipse_workspace/one/pom.xml
2017-02-15 23:57:17,949 [Worker-60] INFO  o.e.m.c.i.l.LifecycleMappingFactory - Using org.maven.ide.eclipse.wtp.WarLifecycleMapping lifecycle mapping for MavenProject: edu.asu.diging.tutorial.spring:one:0.0.1-SNAPSHOT @ /Users/jaharsh/Documents/eclipse_workspace/one/pom.xml.
2017-02-15 23:57:18,329 [Worker-60] INFO  o.e.m.c.i.e.AbstractTransferListenerAdapter - Downloading https://repo.maven.apache.org/maven2/org/apache/maven/plugins/maven-surefire-plugin/2.12.4/maven-surefire-plugin-2.12.4.pom
2017-02-15 23:57:18,363 [Worker-60] INFO  o.e.m.c.i.e.AbstractTransferListenerAdapter - Downloaded https://repo.maven.apache.org/maven2/org/apache/maven/plugins/maven-surefire-plugin/2.12.4/maven-surefire-plugin-2.12.4.pom
2017-02-15 23:57:18,390 [Worker-60] INFO  o.e.m.c.i.e.AbstractTransferListenerAdapter - Downloading https://repo.maven.apache.org/maven2/org/apache/maven/surefire/surefire/2.12.4/surefire-2.12.4.pom
2017-02-15 23:57:18,424 [Worker-60] INFO  o.e.m.c.i.e.AbstractTransferListenerAdapter - Downloaded https://repo.maven.apache.org/maven2/org/apache/maven/surefire/surefire/2.12.4/surefire-2.12.4.pom
2017-02-15 23:57:18,460 [Worker-60] INFO  o.e.m.c.i.e.AbstractTransferListenerAdapter - Downloading https://repo.maven.apache.org/maven2/org/apache/maven/plugins/maven-war-plugin/2.2/maven-war-plugin-2.2.pom
2017-02-15 23:57:18,535 [Worker-60] INFO  o.e.m.c.i.e.AbstractTransferListenerAdapter - Downloaded https://repo.maven.apache.org/maven2/org/apache/maven/plugins/maven-war-plugin/2.2/maven-war-plugin-2.2.pom
2017-02-15 23:57:18,693 [Worker-60] INFO  o.e.m.c.i.e.AbstractTransferListenerAdapter - Downloading https://repo.maven.apache.org/maven2/org/apache/maven/maven-archiver/2.5/maven-archiver-2.5.pom
2017-02-15 23:57:18,722 [Worker-60] INFO  o.e.m.c.i.e.AbstractTransferListenerAdapter - Downloaded https://repo.maven.apache.org/maven2/org/apache/maven/maven-archiver/2.5/maven-archiver-2.5.pom
2017-02-15 23:57:18,758 [Worker-60] INFO  o.e.m.c.i.e.AbstractTransferListenerAdapter - Downloading https://repo.maven.apache.org/maven2/org/codehaus/plexus/plexus-archiver/2.1/plexus-archiver-2.1.pom
2017-02-15 23:57:18,786 [Worker-60] INFO  o.e.m.c.i.e.AbstractTransferListenerAdapter - Downloaded https://repo.maven.apache.org/maven2/org/codehaus/plexus/plexus-archiver/2.1/plexus-archiver-2.1.pom
2017-02-15 23:57:18,852 [Worker-60] INFO  o.e.m.c.i.e.AbstractTransferListenerAdapter - Downloading https://repo.maven.apache.org/maven2/org/codehaus/plexus/plexus-io/2.0.2/plexus-io-2.0.2.pom
2017-02-15 23:57:18,881 [Worker-60] INFO  o.e.m.c.i.e.AbstractTransferListenerAdapter - Downloaded https://repo.maven.apache.org/maven2/org/codehaus/plexus/plexus-io/2.0.2/plexus-io-2.0.2.pom
2017-02-15 23:57:18,914 [Worker-60] INFO  o.e.m.c.i.e.AbstractTransferListenerAdapter - Downloading https://repo.maven.apache.org/maven2/org/codehaus/plexus/plexus-interpolation/1.15/plexus-interpolation-1.15.pom
2017-02-15 23:57:18,945 [Worker-60] INFO  o.e.m.c.i.e.AbstractTransferListenerAdapter - Downloaded https://repo.maven.apache.org/maven2/org/codehaus/plexus/plexus-interpolation/1.15/plexus-interpolation-1.15.pom
2017-02-15 23:57:19,051 [Worker-60] INFO  o.e.m.c.i.e.AbstractTransferListenerAdapter - Downloading https://repo.maven.apache.org/maven2/org/apache/maven/maven-archiver/2.5/maven-archiver-2.5.jar
2017-02-15 23:57:19,085 [Worker-60] INFO  o.e.m.c.i.e.AbstractTransferListenerAdapter - Downloaded https://repo.maven.apache.org/maven2/org/apache/maven/maven-archiver/2.5/maven-archiver-2.5.jar
2017-02-15 23:57:19,110 [Worker-60] INFO  o.e.m.c.i.e.AbstractTransferListenerAdapter - Downloading https://repo.maven.apache.org/maven2/org/codehaus/plexus/plexus-io/2.0.2/plexus-io-2.0.2.jar
2017-02-15 23:57:19,168 [Worker-60] INFO  o.e.m.c.i.e.AbstractTransferListenerAdapter - Downloaded https://repo.maven.apache.org/maven2/org/codehaus/plexus/plexus-io/2.0.2/plexus-io-2.0.2.jar
2017-02-15 23:57:19,197 [Worker-60] INFO  o.e.m.c.i.e.AbstractTransferListenerAdapter - Downloading https://repo.maven.apache.org/maven2/org/codehaus/plexus/plexus-archiver/2.1/plexus-archiver-2.1.jar
2017-02-15 23:57:19,262 [Worker-60] INFO  o.e.m.c.i.e.AbstractTransferListenerAdapter - Downloaded https://repo.maven.apache.org/maven2/org/codehaus/plexus/plexus-archiver/2.1/plexus-archiver-2.1.jar
2017-02-15 23:57:19,290 [Worker-60] INFO  o.e.m.c.i.e.AbstractTransferListenerAdapter - Downloading https://repo.maven.apache.org/maven2/org/codehaus/plexus/plexus-interpolation/1.15/plexus-interpolation-1.15.jar
2017-02-15 23:57:19,325 [Worker-60] INFO  o.e.m.c.i.e.AbstractTransferListenerAdapter - Downloaded https://repo.maven.apache.org/maven2/org/codehaus/plexus/plexus-interpolation/1.15/plexus-interpolation-1.15.jar
2017-02-15 23:57:19,796 [Worker-60] INFO  o.e.m.j.i.AbstractJavaProjectConfigurator - Adding source folder /one/src/main/java
2017-02-15 23:57:19,797 [Worker-60] INFO  o.e.m.j.i.AbstractJavaProjectConfigurator - Adding resource folder /one/src/main/resources
2017-02-15 23:57:19,797 [Worker-60] INFO  o.e.m.j.i.AbstractJavaProjectConfigurator - Adding source folder /one/src/test/java
2017-02-15 23:57:27,522 [Worker-60] INFO  o.e.m.c.i.e.AbstractTransferListenerAdapter - Downloading https://repo.maven.apache.org/maven2/org/apache/maven/plugins/maven-clean-plugin/2.5/maven-clean-plugin-2.5.pom
2017-02-15 23:57:27,551 [Worker-60] INFO  o.e.m.c.i.e.AbstractTransferListenerAdapter - Downloaded https://repo.maven.apache.org/maven2/org/apache/maven/plugins/maven-clean-plugin/2.5/maven-clean-plugin-2.5.pom
2017-02-15 23:57:27,611 [Worker-60] INFO  o.e.m.c.i.p.ProjectConfigurationManager - Imported and configured 1 project(s) in 10 sec
2017-02-15 23:57:28,269 [Worker-63] WARN  o.e.m.c.i.embedder.EclipseLogger - Using platform encoding (UTF-8 actually) to copy filtered resources, i.e. build is platform dependent!
2017-02-15 23:57:28,291 [Worker-63] INFO  o.e.m.c.i.embedder.EclipseLogger - Copying 0 resource
2017-02-15 23:57:28,294 [Worker-63] WARN  o.e.m.c.i.embedder.EclipseLogger - Using platform encoding (UTF-8 actually) to copy filtered resources, i.e. build is platform dependent!
2017-02-15 23:57:28,295 [Worker-63] INFO  o.e.m.c.i.embedder.EclipseLogger - skip non existing resourceDirectory /Users/jaharsh/Documents/eclipse_workspace/one/src/test/resources
2017-02-16 00:03:45,474 [Worker-66] WARN  o.e.m.c.i.embedder.EclipseLogger - Using platform encoding (UTF-8 actually) to copy filtered resources, i.e. build is platform dependent!
2017-02-16 00:03:45,477 [Worker-66] INFO  o.e.m.c.i.embedder.EclipseLogger - Copying 0 resource
2017-02-16 00:03:45,479 [Worker-66] WARN  o.e.m.c.i.embedder.EclipseLogger - Using platform encoding (UTF-8 actually) to copy filtered resources, i.e. build is platform dependent!
2017-02-16 00:03:45,479 [Worker-66] INFO  o.e.m.c.i.embedder.EclipseLogger - skip non existing resourceDirectory /Users/jaharsh/Documents/eclipse_workspace/one/src/test/resources
2017-02-16 00:05:57,771 [Worker-72] WARN  o.e.m.c.i.embedder.EclipseLogger - Using platform encoding (UTF-8 actually) to copy filtered resources, i.e. build is platform dependent!
2017-02-16 00:05:57,774 [Worker-72] INFO  o.e.m.c.i.embedder.EclipseLogger - Copying 0 resource
2017-02-16 00:05:57,777 [Worker-72] WARN  o.e.m.c.i.embedder.EclipseLogger - Using platform encoding (UTF-8 actually) to copy filtered resources, i.e. build is platform dependent!
2017-02-16 00:05:57,778 [Worker-72] INFO  o.e.m.c.i.embedder.EclipseLogger - skip non existing resourceDirectory /Users/jaharsh/Documents/eclipse_workspace/one/src/test/resources
2017-02-16 00:06:05,499 [Worker-69] WARN  o.e.m.c.i.embedder.EclipseLogger - Using platform encoding (UTF-8 actually) to copy filtered resources, i.e. build is platform dependent!
2017-02-16 00:06:05,500 [Worker-69] INFO  o.e.m.c.i.embedder.EclipseLogger - Copying 0 resource
2017-02-16 00:06:05,502 [Worker-69] WARN  o.e.m.c.i.embedder.EclipseLogger - Using platform encoding (UTF-8 actually) to copy filtered resources, i.e. build is platform dependent!
2017-02-16 00:06:05,502 [Worker-69] INFO  o.e.m.c.i.embedder.EclipseLogger - skip non existing resourceDirectory /Users/jaharsh/Documents/eclipse_workspace/one/src/test/resources
2017-02-16 00:06:14,505 [Worker-74] WARN  o.e.m.c.i.embedder.EclipseLogger - Using platform encoding (UTF-8 actually) to copy filtered resources, i.e. build is platform dependent!
2017-02-16 00:06:14,506 [Worker-74] INFO  o.e.m.c.i.embedder.EclipseLogger - Copying 0 resource
2017-02-16 00:06:14,508 [Worker-74] WARN  o.e.m.c.i.embedder.EclipseLogger - Using platform encoding (UTF-8 actually) to copy filtered resources, i.e. build is platform dependent!
2017-02-16 00:06:14,510 [Worker-74] INFO  o.e.m.c.i.embedder.EclipseLogger - skip non existing resourceDirectory /Users/jaharsh/Documents/eclipse_workspace/one/src/test/resources
2017-02-16 00:07:26,493 [Worker-69] INFO  o.e.m.c.i.p.ProjectConfigurationManager - Update started
2017-02-16 00:07:26,863 [Worker-69] INFO  o.e.m.c.i.l.LifecycleMappingFactory - Using org.maven.ide.eclipse.wtp.WarLifecycleMapping lifecycle mapping for MavenProject: edu.asu.diging.tutorial.spring:one:0.0.1-SNAPSHOT @ /Users/jaharsh/Documents/eclipse_workspace/one/pom.xml.
2017-02-16 00:07:27,296 [Worker-69] INFO  o.e.m.j.i.AbstractJavaProjectConfigurator - Adding source folder /one/src/main/java
2017-02-16 00:07:27,296 [Worker-69] INFO  o.e.m.j.i.AbstractJavaProjectConfigurator - Adding resource folder /one/src/main/resources
2017-02-16 00:07:27,296 [Worker-69] INFO  o.e.m.j.i.AbstractJavaProjectConfigurator - Adding source folder /one/src/test/java
2017-02-16 00:07:27,783 [Worker-69] INFO  o.e.m.w.i.f.ResourceFilteringBuildParticipant - Cleaning filtered folder for one
2017-02-16 00:07:27,789 [Worker-69] INFO  o.e.m.c.i.p.ProjectConfigurationManager - Update completed: 1 sec
2017-02-16 00:07:27,966 [Worker-70] WARN  o.e.m.c.i.embedder.EclipseLogger - Using platform encoding (UTF-8 actually) to copy filtered resources, i.e. build is platform dependent!
2017-02-16 00:07:27,967 [Worker-70] INFO  o.e.m.c.i.embedder.EclipseLogger - Copying 0 resource
2017-02-16 00:07:27,969 [Worker-70] WARN  o.e.m.c.i.embedder.EclipseLogger - Using platform encoding (UTF-8 actually) to copy filtered resources, i.e. build is platform dependent!
2017-02-16 00:07:27,969 [Worker-70] INFO  o.e.m.c.i.embedder.EclipseLogger - skip non existing resourceDirectory /Users/jaharsh/Documents/eclipse_workspace/one/src/test/resources
2017-02-16 00:07:27,969 [Worker-70] INFO  o.e.m.w.i.f.ResourceFilteringBuildParticipant - Changed resources require a complete clean of filtered resources of one
2017-02-16 00:07:27,970 [Worker-70] INFO  o.e.m.w.i.f.ResourceFilteringBuildParticipant - Executing resource filtering for one
2017-02-16 00:07:27,975 [Worker-70] WARN  o.e.m.c.i.embedder.EclipseLogger - Using platform encoding (UTF-8 actually) to copy filtered resources, i.e. build is platform dependent!
2017-02-16 00:08:51,069 [Worker-69] INFO  o.e.m.c.i.l.LifecycleMappingFactory - Using org.maven.ide.eclipse.wtp.WarLifecycleMapping lifecycle mapping for MavenProject: edu.asu.diging.tutorial.spring:one:0.0.1-SNAPSHOT @ /Users/jaharsh/Documents/eclipse_workspace/one/pom.xml.
2017-02-16 00:08:51,437 [Worker-69] WARN  o.e.m.c.i.embedder.EclipseLogger - Using platform encoding (UTF-8 actually) to copy filtered resources, i.e. build is platform dependent!
2017-02-16 00:08:51,439 [Worker-69] INFO  o.e.m.c.i.embedder.EclipseLogger - Copying 0 resource
2017-02-16 00:08:51,441 [Worker-69] WARN  o.e.m.c.i.embedder.EclipseLogger - Using platform encoding (UTF-8 actually) to copy filtered resources, i.e. build is platform dependent!
2017-02-16 00:08:51,442 [Worker-69] INFO  o.e.m.c.i.embedder.EclipseLogger - skip non existing resourceDirectory /Users/jaharsh/Documents/eclipse_workspace/one/src/test/resources
2017-02-16 00:08:51,442 [Worker-69] INFO  o.e.m.w.i.f.ResourceFilteringBuildParticipant - Changed resources require a complete clean of filtered resources of one
2017-02-16 00:08:51,442 [Worker-69] INFO  o.e.m.w.i.f.ResourceFilteringBuildParticipant - Executing resource filtering for one
2017-02-16 00:08:51,447 [Worker-69] WARN  o.e.m.c.i.embedder.EclipseLogger - Using platform encoding (UTF-8 actually) to copy filtered resources, i.e. build is platform dependent!
2017-02-16 00:09:15,823 [Worker-66] INFO  o.e.m.c.i.p.ProjectConfigurationManager - Update started
2017-02-16 00:09:16,026 [Worker-66] INFO  o.e.m.c.i.l.LifecycleMappingFactory - Using org.maven.ide.eclipse.wtp.WarLifecycleMapping lifecycle mapping for MavenProject: edu.asu.diging.tutorial.spring:one:0.0.1-SNAPSHOT @ /Users/jaharsh/Documents/eclipse_workspace/one/pom.xml.
2017-02-16 00:09:16,363 [Worker-66] INFO  o.e.m.j.i.AbstractJavaProjectConfigurator - Adding source folder /one/src/main/java
2017-02-16 00:09:16,363 [Worker-66] INFO  o.e.m.j.i.AbstractJavaProjectConfigurator - Adding resource folder /one/src/main/resources
2017-02-16 00:09:16,363 [Worker-66] INFO  o.e.m.j.i.AbstractJavaProjectConfigurator - Adding source folder /one/src/test/java
2017-02-16 00:09:16,797 [Worker-66] INFO  o.e.m.w.i.f.ResourceFilteringBuildParticipant - Cleaning filtered folder for one
2017-02-16 00:09:16,801 [Worker-66] INFO  o.e.m.c.i.p.ProjectConfigurationManager - Update completed: 0 sec
2017-02-16 00:09:17,362 [Worker-72] WARN  o.e.m.c.i.embedder.EclipseLogger - Using platform encoding (UTF-8 actually) to copy filtered resources, i.e. build is platform dependent!
2017-02-16 00:09:17,363 [Worker-72] INFO  o.e.m.c.i.embedder.EclipseLogger - Copying 0 resource
2017-02-16 00:09:17,365 [Worker-72] WARN  o.e.m.c.i.embedder.EclipseLogger - Using platform encoding (UTF-8 actually) to copy filtered resources, i.e. build is platform dependent!
2017-02-16 00:09:17,366 [Worker-72] INFO  o.e.m.c.i.embedder.EclipseLogger - skip non existing resourceDirectory /Users/jaharsh/Documents/eclipse_workspace/one/src/test/resources
2017-02-16 00:09:17,366 [Worker-72] INFO  o.e.m.w.i.f.ResourceFilteringBuildParticipant - Changed resources require a complete clean of filtered resources of one
2017-02-16 00:09:17,366 [Worker-72] INFO  o.e.m.w.i.f.ResourceFilteringBuildParticipant - Executing resource filtering for one
2017-02-16 00:09:17,370 [Worker-72] WARN  o.e.m.c.i.embedder.EclipseLogger - Using platform encoding (UTF-8 actually) to copy filtered resources, i.e. build is platform dependent!
2017-02-16 00:09:47,178 [Worker-79] INFO  o.e.m.c.i.l.LifecycleMappingFactory - Using org.maven.ide.eclipse.wtp.WarLifecycleMapping lifecycle mapping for MavenProject: edu.asu.diging.tutorial.spring:one:0.0.1-SNAPSHOT @ /Users/jaharsh/Documents/eclipse_workspace/one/pom.xml.
2017-02-16 00:09:47,567 [Worker-79] WARN  o.e.m.c.i.embedder.EclipseLogger - Using platform encoding (UTF-8 actually) to copy filtered resources, i.e. build is platform dependent!
2017-02-16 00:09:47,569 [Worker-79] INFO  o.e.m.c.i.embedder.EclipseLogger - Copying 0 resource
2017-02-16 00:09:47,571 [Worker-79] WARN  o.e.m.c.i.embedder.EclipseLogger - Using platform encoding (UTF-8 actually) to copy filtered resources, i.e. build is platform dependent!
2017-02-16 00:09:47,572 [Worker-79] INFO  o.e.m.c.i.embedder.EclipseLogger - skip non existing resourceDirectory /Users/jaharsh/Documents/eclipse_workspace/one/src/test/resources
2017-02-16 00:09:47,572 [Worker-79] INFO  o.e.m.w.i.f.ResourceFilteringBuildParticipant - Changed resources require a complete clean of filtered resources of one
2017-02-16 00:09:47,572 [Worker-79] INFO  o.e.m.w.i.f.ResourceFilteringBuildParticipant - Executing resource filtering for one
2017-02-16 00:09:47,575 [Worker-79] WARN  o.e.m.c.i.embedder.EclipseLogger - Using platform encoding (UTF-8 actually) to copy filtered resources, i.e. build is platform dependent!
2017-02-16 00:09:48,767 [Worker-72] WARN  o.e.m.c.i.embedder.EclipseLogger - Using platform encoding (UTF-8 actually) to copy filtered resources, i.e. build is platform dependent!
2017-02-16 00:09:48,767 [Worker-72] INFO  o.e.m.c.i.embedder.EclipseLogger - Copying 0 resource
2017-02-16 00:09:48,768 [Worker-72] WARN  o.e.m.c.i.embedder.EclipseLogger - Using platform encoding (UTF-8 actually) to copy filtered resources, i.e. build is platform dependent!
2017-02-16 00:09:48,769 [Worker-72] INFO  o.e.m.c.i.embedder.EclipseLogger - skip non existing resourceDirectory /Users/jaharsh/Documents/eclipse_workspace/one/src/test/resources
2017-02-16 00:13:39,166 [Worker-77] WARN  o.e.m.c.i.embedder.EclipseLogger - Using platform encoding (UTF-8 actually) to copy filtered resources, i.e. build is platform dependent!
2017-02-16 00:13:39,171 [Worker-77] INFO  o.e.m.c.i.embedder.EclipseLogger - Copying 0 resource
2017-02-16 00:13:39,173 [Worker-77] WARN  o.e.m.c.i.embedder.EclipseLogger - Using platform encoding (UTF-8 actually) to copy filtered resources, i.e. build is platform dependent!
2017-02-16 00:13:39,174 [Worker-77] INFO  o.e.m.c.i.embedder.EclipseLogger - skip non existing resourceDirectory /Users/jaharsh/Documents/eclipse_workspace/one/src/test/resources
2017-02-16 00:13:58,198 [Worker-72] WARN  o.e.m.c.i.embedder.EclipseLogger - Using platform encoding (UTF-8 actually) to copy filtered resources, i.e. build is platform dependent!
2017-02-16 00:13:58,199 [Worker-72] INFO  o.e.m.c.i.embedder.EclipseLogger - Copying 0 resource
2017-02-16 00:13:58,201 [Worker-72] WARN  o.e.m.c.i.embedder.EclipseLogger - Using platform encoding (UTF-8 actually) to copy filtered resources, i.e. build is platform dependent!
2017-02-16 00:13:58,202 [Worker-72] INFO  o.e.m.c.i.embedder.EclipseLogger - skip non existing resourceDirectory /Users/jaharsh/Documents/eclipse_workspace/one/src/test/resources
2017-02-16 00:14:21,822 [Worker-72] WARN  o.e.m.c.i.embedder.EclipseLogger - Using platform encoding (UTF-8 actually) to copy filtered resources, i.e. build is platform dependent!
2017-02-16 00:14:21,823 [Worker-72] INFO  o.e.m.c.i.embedder.EclipseLogger - Copying 0 resource
2017-02-16 00:14:21,824 [Worker-72] WARN  o.e.m.c.i.embedder.EclipseLogger - Using platform encoding (UTF-8 actually) to copy filtered resources, i.e. build is platform dependent!
2017-02-16 00:14:21,824 [Worker-72] INFO  o.e.m.c.i.embedder.EclipseLogger - skip non existing resourceDirectory /Users/jaharsh/Documents/eclipse_workspace/one/src/test/resources
2017-02-16 00:35:37,738 [Worker-85] WARN  o.e.m.c.i.embedder.EclipseLogger - Using platform encoding (UTF-8 actually) to copy filtered resources, i.e. build is platform dependent!
2017-02-16 00:35:37,738 [Worker-85] INFO  o.e.m.c.i.embedder.EclipseLogger - Copying 0 resource
2017-02-16 00:35:37,740 [Worker-85] WARN  o.e.m.c.i.embedder.EclipseLogger - Using platform encoding (UTF-8 actually) to copy filtered resources, i.e. build is platform dependent!
2017-02-16 00:35:37,740 [Worker-85] INFO  o.e.m.c.i.embedder.EclipseLogger - skip non existing resourceDirectory /Users/jaharsh/Documents/eclipse_workspace/one/src/test/resources
2017-02-16 00:36:00,555 [Worker-85] WARN  o.e.m.c.i.embedder.EclipseLogger - Using platform encoding (UTF-8 actually) to copy filtered resources, i.e. build is platform dependent!
2017-02-16 00:36:00,555 [Worker-85] INFO  o.e.m.c.i.embedder.EclipseLogger - Copying 0 resource
2017-02-16 00:36:00,556 [Worker-85] WARN  o.e.m.c.i.embedder.EclipseLogger - Using platform encoding (UTF-8 actually) to copy filtered resources, i.e. build is platform dependent!
2017-02-16 00:36:00,557 [Worker-85] INFO  o.e.m.c.i.embedder.EclipseLogger - skip non existing resourceDirectory /Users/jaharsh/Documents/eclipse_workspace/one/src/test/resources
2017-02-16 00:36:51,587 [Worker-87] WARN  o.e.m.c.i.embedder.EclipseLogger - Using platform encoding (UTF-8 actually) to copy filtered resources, i.e. build is platform dependent!
2017-02-16 00:36:51,588 [Worker-87] INFO  o.e.m.c.i.embedder.EclipseLogger - Copying 0 resource
2017-02-16 00:36:51,589 [Worker-87] WARN  o.e.m.c.i.embedder.EclipseLogger - Using platform encoding (UTF-8 actually) to copy filtered resources, i.e. build is platform dependent!
2017-02-16 00:36:51,590 [Worker-87] INFO  o.e.m.c.i.embedder.EclipseLogger - skip non existing resourceDirectory /Users/jaharsh/Documents/eclipse_workspace/one/src/test/resources
2017-02-16 00:37:13,773 [Worker-83] WARN  o.e.m.c.i.embedder.EclipseLogger - Using platform encoding (UTF-8 actually) to copy filtered resources, i.e. build is platform dependent!
2017-02-16 00:37:13,773 [Worker-83] INFO  o.e.m.c.i.embedder.EclipseLogger - Copying 0 resource
2017-02-16 00:37:13,774 [Worker-83] WARN  o.e.m.c.i.embedder.EclipseLogger - Using platform encoding (UTF-8 actually) to copy filtered resources, i.e. build is platform dependent!
2017-02-16 00:37:13,775 [Worker-83] INFO  o.e.m.c.i.embedder.EclipseLogger - skip non existing resourceDirectory /Users/jaharsh/Documents/eclipse_workspace/one/src/test/resources
2017-02-16 00:37:47,188 [Worker-83] WARN  o.e.m.c.i.embedder.EclipseLogger - Using platform encoding (UTF-8 actually) to copy filtered resources, i.e. build is platform dependent!
2017-02-16 00:37:47,189 [Worker-83] INFO  o.e.m.c.i.embedder.EclipseLogger - Copying 0 resource
2017-02-16 00:37:47,191 [Worker-83] WARN  o.e.m.c.i.embedder.EclipseLogger - Using platform encoding (UTF-8 actually) to copy filtered resources, i.e. build is platform dependent!
2017-02-16 00:37:47,191 [Worker-83] INFO  o.e.m.c.i.embedder.EclipseLogger - skip non existing resourceDirectory /Users/jaharsh/Documents/eclipse_workspace/one/src/test/resources
2017-02-16 00:38:17,834 [Worker-87] WARN  o.e.m.c.i.embedder.EclipseLogger - Using platform encoding (UTF-8 actually) to copy filtered resources, i.e. build is platform dependent!
2017-02-16 00:38:17,834 [Worker-87] INFO  o.e.m.c.i.embedder.EclipseLogger - Copying 0 resource
2017-02-16 00:38:17,835 [Worker-87] WARN  o.e.m.c.i.embedder.EclipseLogger - Using platform encoding (UTF-8 actually) to copy filtered resources, i.e. build is platform dependent!
2017-02-16 00:38:17,836 [Worker-87] INFO  o.e.m.c.i.embedder.EclipseLogger - skip non existing resourceDirectory /Users/jaharsh/Documents/eclipse_workspace/one/src/test/resources
2017-02-16 00:40:37,398 [Worker-89] WARN  o.e.m.c.i.embedder.EclipseLogger - Using platform encoding (UTF-8 actually) to copy filtered resources, i.e. build is platform dependent!
2017-02-16 00:40:37,410 [Worker-89] INFO  o.e.m.c.i.embedder.EclipseLogger - Copying 0 resource
2017-02-16 00:40:37,412 [Worker-89] WARN  o.e.m.c.i.embedder.EclipseLogger - Using platform encoding (UTF-8 actually) to copy filtered resources, i.e. build is platform dependent!
2017-02-16 00:40:37,412 [Worker-89] INFO  o.e.m.c.i.embedder.EclipseLogger - skip non existing resourceDirectory /Users/jaharsh/Documents/eclipse_workspace/one/src/test/resources
2017-02-16 00:40:55,825 [Worker-91] WARN  o.e.m.c.i.embedder.EclipseLogger - Using platform encoding (UTF-8 actually) to copy filtered resources, i.e. build is platform dependent!
2017-02-16 00:40:55,826 [Worker-91] INFO  o.e.m.c.i.embedder.EclipseLogger - Copying 0 resource
2017-02-16 00:40:55,827 [Worker-91] WARN  o.e.m.c.i.embedder.EclipseLogger - Using platform encoding (UTF-8 actually) to copy filtered resources, i.e. build is platform dependent!
2017-02-16 00:40:55,828 [Worker-91] INFO  o.e.m.c.i.embedder.EclipseLogger - skip non existing resourceDirectory /Users/jaharsh/Documents/eclipse_workspace/one/src/test/resources
2017-02-16 00:40:56,896 [Worker-90] WARN  o.e.m.c.i.embedder.EclipseLogger - Using platform encoding (UTF-8 actually) to copy filtered resources, i.e. build is platform dependent!
2017-02-16 00:40:56,897 [Worker-90] INFO  o.e.m.c.i.embedder.EclipseLogger - Copying 0 resource
2017-02-16 00:40:56,898 [Worker-90] WARN  o.e.m.c.i.embedder.EclipseLogger - Using platform encoding (UTF-8 actually) to copy filtered resources, i.e. build is platform dependent!
2017-02-16 00:40:56,898 [Worker-90] INFO  o.e.m.c.i.embedder.EclipseLogger - skip non existing resourceDirectory /Users/jaharsh/Documents/eclipse_workspace/one/src/test/resources
2017-02-16 00:41:37,408 [Worker-85] WARN  o.e.m.c.i.embedder.EclipseLogger - Using platform encoding (UTF-8 actually) to copy filtered resources, i.e. build is platform dependent!
2017-02-16 00:41:37,409 [Worker-85] INFO  o.e.m.c.i.embedder.EclipseLogger - Copying 0 resource
2017-02-16 00:41:37,410 [Worker-85] WARN  o.e.m.c.i.embedder.EclipseLogger - Using platform encoding (UTF-8 actually) to copy filtered resources, i.e. build is platform dependent!
2017-02-16 00:41:37,411 [Worker-85] INFO  o.e.m.c.i.embedder.EclipseLogger - skip non existing resourceDirectory /Users/jaharsh/Documents/eclipse_workspace/one/src/test/resources
2017-02-16 00:41:44,633 [Worker-89] WARN  o.e.m.c.i.embedder.EclipseLogger - Using platform encoding (UTF-8 actually) to copy filtered resources, i.e. build is platform dependent!
2017-02-16 00:41:44,634 [Worker-89] INFO  o.e.m.c.i.embedder.EclipseLogger - Copying 0 resource
2017-02-16 00:41:44,637 [Worker-89] WARN  o.e.m.c.i.embedder.EclipseLogger - Using platform encoding (UTF-8 actually) to copy filtered resources, i.e. build is platform dependent!
2017-02-16 00:41:44,637 [Worker-89] INFO  o.e.m.c.i.embedder.EclipseLogger - skip non existing resourceDirectory /Users/jaharsh/Documents/eclipse_workspace/one/src/test/resources
2017-02-16 00:42:24,679 [Worker-87] WARN  o.e.m.c.i.embedder.EclipseLogger - Using platform encoding (UTF-8 actually) to copy filtered resources, i.e. build is platform dependent!
2017-02-16 00:42:24,680 [Worker-87] INFO  o.e.m.c.i.embedder.EclipseLogger - Copying 0 resource
2017-02-16 00:42:24,681 [Worker-87] WARN  o.e.m.c.i.embedder.EclipseLogger - Using platform encoding (UTF-8 actually) to copy filtered resources, i.e. build is platform dependent!
2017-02-16 00:42:24,682 [Worker-87] INFO  o.e.m.c.i.embedder.EclipseLogger - skip non existing resourceDirectory /Users/jaharsh/Documents/eclipse_workspace/one/src/test/resources
2017-02-16 00:44:27,227 [Worker-89] WARN  o.e.m.c.i.embedder.EclipseLogger - Using platform encoding (UTF-8 actually) to copy filtered resources, i.e. build is platform dependent!
2017-02-16 00:44:27,228 [Worker-89] INFO  o.e.m.c.i.embedder.EclipseLogger - Copying 0 resource
2017-02-16 00:44:27,229 [Worker-89] WARN  o.e.m.c.i.embedder.EclipseLogger - Using platform encoding (UTF-8 actually) to copy filtered resources, i.e. build is platform dependent!
2017-02-16 00:44:27,229 [Worker-89] INFO  o.e.m.c.i.embedder.EclipseLogger - skip non existing resourceDirectory /Users/jaharsh/Documents/eclipse_workspace/one/src/test/resources
2017-02-16 00:44:56,209 [Worker-90] WARN  o.e.m.c.i.embedder.EclipseLogger - Using platform encoding (UTF-8 actually) to copy filtered resources, i.e. build is platform dependent!
2017-02-16 00:44:56,210 [Worker-90] INFO  o.e.m.c.i.embedder.EclipseLogger - Copying 0 resource
2017-02-16 00:44:56,212 [Worker-90] WARN  o.e.m.c.i.embedder.EclipseLogger - Using platform encoding (UTF-8 actually) to copy filtered resources, i.e. build is platform dependent!
2017-02-16 00:44:56,212 [Worker-90] INFO  o.e.m.c.i.embedder.EclipseLogger - skip non existing resourceDirectory /Users/jaharsh/Documents/eclipse_workspace/one/src/test/resources
2017-02-16 00:45:57,189 [Worker-93] WARN  o.e.m.c.i.embedder.EclipseLogger - Using platform encoding (UTF-8 actually) to copy filtered resources, i.e. build is platform dependent!
2017-02-16 00:45:57,190 [Worker-93] INFO  o.e.m.c.i.embedder.EclipseLogger - Copying 0 resource
2017-02-16 00:45:57,191 [Worker-93] WARN  o.e.m.c.i.embedder.EclipseLogger - Using platform encoding (UTF-8 actually) to copy filtered resources, i.e. build is platform dependent!
2017-02-16 00:45:57,192 [Worker-93] INFO  o.e.m.c.i.embedder.EclipseLogger - skip non existing resourceDirectory /Users/jaharsh/Documents/eclipse_workspace/one/src/test/resources
2017-02-16 00:46:02,716 [Worker-92] WARN  o.e.m.c.i.embedder.EclipseLogger - Using platform encoding (UTF-8 actually) to copy filtered resources, i.e. build is platform dependent!
2017-02-16 00:46:02,717 [Worker-92] INFO  o.e.m.c.i.embedder.EclipseLogger - Copying 0 resource
2017-02-16 00:46:02,718 [Worker-92] WARN  o.e.m.c.i.embedder.EclipseLogger - Using platform encoding (UTF-8 actually) to copy filtered resources, i.e. build is platform dependent!
2017-02-16 00:46:02,718 [Worker-92] INFO  o.e.m.c.i.embedder.EclipseLogger - skip non existing resourceDirectory /Users/jaharsh/Documents/eclipse_workspace/one/src/test/resources
2017-02-16 00:46:08,638 [Worker-87] WARN  o.e.m.c.i.embedder.EclipseLogger - Using platform encoding (UTF-8 actually) to copy filtered resources, i.e. build is platform dependent!
2017-02-16 00:46:08,639 [Worker-87] INFO  o.e.m.c.i.embedder.EclipseLogger - Copying 0 resource
2017-02-16 00:46:08,640 [Worker-87] WARN  o.e.m.c.i.embedder.EclipseLogger - Using platform encoding (UTF-8 actually) to copy filtered resources, i.e. build is platform dependent!
2017-02-16 00:46:08,641 [Worker-87] INFO  o.e.m.c.i.embedder.EclipseLogger - skip non existing resourceDirectory /Users/jaharsh/Documents/eclipse_workspace/one/src/test/resources
2017-02-16 00:46:13,472 [Worker-93] WARN  o.e.m.c.i.embedder.EclipseLogger - Using platform encoding (UTF-8 actually) to copy filtered resources, i.e. build is platform dependent!
2017-02-16 00:46:13,473 [Worker-93] INFO  o.e.m.c.i.embedder.EclipseLogger - Copying 0 resource
2017-02-16 00:46:13,474 [Worker-93] WARN  o.e.m.c.i.embedder.EclipseLogger - Using platform encoding (UTF-8 actually) to copy filtered resources, i.e. build is platform dependent!
2017-02-16 00:46:13,474 [Worker-93] INFO  o.e.m.c.i.embedder.EclipseLogger - skip non existing resourceDirectory /Users/jaharsh/Documents/eclipse_workspace/one/src/test/resources
2017-02-16 00:46:34,475 [Worker-90] WARN  o.e.m.c.i.embedder.EclipseLogger - Using platform encoding (UTF-8 actually) to copy filtered resources, i.e. build is platform dependent!
2017-02-16 00:46:34,476 [Worker-90] INFO  o.e.m.c.i.embedder.EclipseLogger - Copying 0 resource
2017-02-16 00:46:34,478 [Worker-90] WARN  o.e.m.c.i.embedder.EclipseLogger - Using platform encoding (UTF-8 actually) to copy filtered resources, i.e. build is platform dependent!
2017-02-16 00:46:34,478 [Worker-90] INFO  o.e.m.c.i.embedder.EclipseLogger - skip non existing resourceDirectory /Users/jaharsh/Documents/eclipse_workspace/one/src/test/resources
2017-02-16 14:01:20,159 [Worker-229] WARN  o.e.m.c.i.embedder.EclipseLogger - Using platform encoding (UTF-8 actually) to copy filtered resources, i.e. build is platform dependent!
2017-02-16 14:01:20,163 [Worker-229] INFO  o.e.m.c.i.embedder.EclipseLogger - Copying 0 resource
2017-02-16 14:01:20,164 [Worker-229] WARN  o.e.m.c.i.embedder.EclipseLogger - Using platform encoding (UTF-8 actually) to copy filtered resources, i.e. build is platform dependent!
2017-02-16 14:01:20,165 [Worker-229] INFO  o.e.m.c.i.embedder.EclipseLogger - skip non existing resourceDirectory /Users/jaharsh/Documents/eclipse_workspace/one/src/test/resources
2017-02-16 14:01:37,653 [Worker-231] WARN  o.e.m.c.i.embedder.EclipseLogger - Using platform encoding (UTF-8 actually) to copy filtered resources, i.e. build is platform dependent!
2017-02-16 14:01:37,654 [Worker-231] INFO  o.e.m.c.i.embedder.EclipseLogger - Copying 0 resource
2017-02-16 14:01:37,655 [Worker-231] WARN  o.e.m.c.i.embedder.EclipseLogger - Using platform encoding (UTF-8 actually) to copy filtered resources, i.e. build is platform dependent!
2017-02-16 14:01:37,656 [Worker-231] INFO  o.e.m.c.i.embedder.EclipseLogger - skip non existing resourceDirectory /Users/jaharsh/Documents/eclipse_workspace/one/src/test/resources
2017-02-16 14:20:27,213 [Worker-241] WARN  o.e.m.c.i.embedder.EclipseLogger - Using platform encoding (UTF-8 actually) to copy filtered resources, i.e. build is platform dependent!
2017-02-16 14:20:27,214 [Worker-241] INFO  o.e.m.c.i.embedder.EclipseLogger - Copying 0 resource
2017-02-16 14:20:27,216 [Worker-241] WARN  o.e.m.c.i.embedder.EclipseLogger - Using platform encoding (UTF-8 actually) to copy filtered resources, i.e. build is platform dependent!
2017-02-16 14:20:27,218 [Worker-241] INFO  o.e.m.c.i.embedder.EclipseLogger - skip non existing resourceDirectory /Users/jaharsh/Documents/eclipse_workspace/one/src/test/resources
2017-02-16 14:20:55,702 [Worker-238] WARN  o.e.m.c.i.embedder.EclipseLogger - Using platform encoding (UTF-8 actually) to copy filtered resources, i.e. build is platform dependent!
2017-02-16 14:20:55,703 [Worker-238] INFO  o.e.m.c.i.embedder.EclipseLogger - Copying 0 resource
2017-02-16 14:20:55,704 [Worker-238] WARN  o.e.m.c.i.embedder.EclipseLogger - Using platform encoding (UTF-8 actually) to copy filtered resources, i.e. build is platform dependent!
2017-02-16 14:20:55,705 [Worker-238] INFO  o.e.m.c.i.embedder.EclipseLogger - skip non existing resourceDirectory /Users/jaharsh/Documents/eclipse_workspace/one/src/test/resources
2017-02-16 14:31:42,014 [Worker-247] WARN  o.e.m.c.i.embedder.EclipseLogger - Using platform encoding (UTF-8 actually) to copy filtered resources, i.e. build is platform dependent!
2017-02-16 14:31:42,014 [Worker-247] INFO  o.e.m.c.i.embedder.EclipseLogger - Copying 0 resource
2017-02-16 14:31:42,015 [Worker-247] WARN  o.e.m.c.i.embedder.EclipseLogger - Using platform encoding (UTF-8 actually) to copy filtered resources, i.e. build is platform dependent!
2017-02-16 14:31:42,016 [Worker-247] INFO  o.e.m.c.i.embedder.EclipseLogger - skip non existing resourceDirectory /Users/jaharsh/Documents/eclipse_workspace/one/src/test/resources
2017-02-16 15:46:56,256 [Worker-287] WARN  o.e.m.c.i.embedder.EclipseLogger - Using platform encoding (UTF-8 actually) to copy filtered resources, i.e. build is platform dependent!
2017-02-16 15:46:56,256 [Worker-287] INFO  o.e.m.c.i.embedder.EclipseLogger - Copying 0 resource
2017-02-16 15:46:56,258 [Worker-287] WARN  o.e.m.c.i.embedder.EclipseLogger - Using platform encoding (UTF-8 actually) to copy filtered resources, i.e. build is platform dependent!
2017-02-16 15:46:56,258 [Worker-287] INFO  o.e.m.c.i.embedder.EclipseLogger - skip non existing resourceDirectory /Users/jaharsh/Documents/eclipse_workspace/one/src/test/resources
2017-02-16 15:47:13,188 [Worker-287] WARN  o.e.m.c.i.embedder.EclipseLogger - Using platform encoding (UTF-8 actually) to copy filtered resources, i.e. build is platform dependent!
2017-02-16 15:47:13,188 [Worker-287] INFO  o.e.m.c.i.embedder.EclipseLogger - Copying 0 resource
2017-02-16 15:47:13,189 [Worker-287] WARN  o.e.m.c.i.embedder.EclipseLogger - Using platform encoding (UTF-8 actually) to copy filtered resources, i.e. build is platform dependent!
2017-02-16 15:47:13,190 [Worker-287] INFO  o.e.m.c.i.embedder.EclipseLogger - skip non existing resourceDirectory /Users/jaharsh/Documents/eclipse_workspace/one/src/test/resources
2017-02-16 15:47:17,819 [Worker-291] WARN  o.e.m.c.i.embedder.EclipseLogger - Using platform encoding (UTF-8 actually) to copy filtered resources, i.e. build is platform dependent!
2017-02-16 15:47:17,820 [Worker-291] INFO  o.e.m.c.i.embedder.EclipseLogger - Copying 0 resource
2017-02-16 15:47:17,821 [Worker-291] WARN  o.e.m.c.i.embedder.EclipseLogger - Using platform encoding (UTF-8 actually) to copy filtered resources, i.e. build is platform dependent!
2017-02-16 15:47:17,821 [Worker-291] INFO  o.e.m.c.i.embedder.EclipseLogger - skip non existing resourceDirectory /Users/jaharsh/Documents/eclipse_workspace/one/src/test/resources
2017-02-16 15:47:27,525 [Worker-290] WARN  o.e.m.c.i.embedder.EclipseLogger - Using platform encoding (UTF-8 actually) to copy filtered resources, i.e. build is platform dependent!
2017-02-16 15:47:27,526 [Worker-290] INFO  o.e.m.c.i.embedder.EclipseLogger - Copying 0 resource
2017-02-16 15:47:27,527 [Worker-290] WARN  o.e.m.c.i.embedder.EclipseLogger - Using platform encoding (UTF-8 actually) to copy filtered resources, i.e. build is platform dependent!
2017-02-16 15:47:27,527 [Worker-290] INFO  o.e.m.c.i.embedder.EclipseLogger - skip non existing resourceDirectory /Users/jaharsh/Documents/eclipse_workspace/one/src/test/resources
2017-02-16 15:47:52,238 [Worker-287] WARN  o.e.m.c.i.embedder.EclipseLogger - Using platform encoding (UTF-8 actually) to copy filtered resources, i.e. build is platform dependent!
2017-02-16 15:47:52,239 [Worker-287] INFO  o.e.m.c.i.embedder.EclipseLogger - Copying 0 resource
2017-02-16 15:47:52,240 [Worker-287] WARN  o.e.m.c.i.embedder.EclipseLogger - Using platform encoding (UTF-8 actually) to copy filtered resources, i.e. build is platform dependent!
2017-02-16 15:47:52,241 [Worker-287] INFO  o.e.m.c.i.embedder.EclipseLogger - skip non existing resourceDirectory /Users/jaharsh/Documents/eclipse_workspace/one/src/test/resources
2017-02-16 15:48:12,722 [Worker-289] WARN  o.e.m.c.i.embedder.EclipseLogger - Using platform encoding (UTF-8 actually) to copy filtered resources, i.e. build is platform dependent!
2017-02-16 15:48:12,723 [Worker-289] INFO  o.e.m.c.i.embedder.EclipseLogger - Copying 0 resource
2017-02-16 15:48:12,723 [Worker-289] WARN  o.e.m.c.i.embedder.EclipseLogger - Using platform encoding (UTF-8 actually) to copy filtered resources, i.e. build is platform dependent!
2017-02-16 15:48:12,724 [Worker-289] INFO  o.e.m.c.i.embedder.EclipseLogger - skip non existing resourceDirectory /Users/jaharsh/Documents/eclipse_workspace/one/src/test/resources
2017-02-16 15:48:27,147 [Worker-287] WARN  o.e.m.c.i.embedder.EclipseLogger - Using platform encoding (UTF-8 actually) to copy filtered resources, i.e. build is platform dependent!
2017-02-16 15:48:27,147 [Worker-287] INFO  o.e.m.c.i.embedder.EclipseLogger - Copying 0 resource
2017-02-16 15:48:27,148 [Worker-287] WARN  o.e.m.c.i.embedder.EclipseLogger - Using platform encoding (UTF-8 actually) to copy filtered resources, i.e. build is platform dependent!
2017-02-16 15:48:27,150 [Worker-287] INFO  o.e.m.c.i.embedder.EclipseLogger - skip non existing resourceDirectory /Users/jaharsh/Documents/eclipse_workspace/one/src/test/resources
2017-02-16 15:49:16,817 [Worker-289] WARN  o.e.m.c.i.embedder.EclipseLogger - Using platform encoding (UTF-8 actually) to copy filtered resources, i.e. build is platform dependent!
2017-02-16 15:49:16,818 [Worker-289] INFO  o.e.m.c.i.embedder.EclipseLogger - Copying 0 resource
2017-02-16 15:49:16,819 [Worker-289] WARN  o.e.m.c.i.embedder.EclipseLogger - Using platform encoding (UTF-8 actually) to copy filtered resources, i.e. build is platform dependent!
2017-02-16 15:49:16,819 [Worker-289] INFO  o.e.m.c.i.embedder.EclipseLogger - skip non existing resourceDirectory /Users/jaharsh/Documents/eclipse_workspace/one/src/test/resources
2017-02-16 15:49:30,816 [Worker-291] WARN  o.e.m.c.i.embedder.EclipseLogger - Using platform encoding (UTF-8 actually) to copy filtered resources, i.e. build is platform dependent!
2017-02-16 15:49:30,816 [Worker-291] INFO  o.e.m.c.i.embedder.EclipseLogger - Copying 0 resource
2017-02-16 15:49:30,817 [Worker-291] WARN  o.e.m.c.i.embedder.EclipseLogger - Using platform encoding (UTF-8 actually) to copy filtered resources, i.e. build is platform dependent!
2017-02-16 15:49:30,818 [Worker-291] INFO  o.e.m.c.i.embedder.EclipseLogger - skip non existing resourceDirectory /Users/jaharsh/Documents/eclipse_workspace/one/src/test/resources
2017-02-16 15:49:39,731 [Worker-291] WARN  o.e.m.c.i.embedder.EclipseLogger - Using platform encoding (UTF-8 actually) to copy filtered resources, i.e. build is platform dependent!
2017-02-16 15:49:39,731 [Worker-291] INFO  o.e.m.c.i.embedder.EclipseLogger - Copying 0 resource
2017-02-16 15:49:39,732 [Worker-291] WARN  o.e.m.c.i.embedder.EclipseLogger - Using platform encoding (UTF-8 actually) to copy filtered resources, i.e. build is platform dependent!
2017-02-16 15:49:39,732 [Worker-291] INFO  o.e.m.c.i.embedder.EclipseLogger - skip non existing resourceDirectory /Users/jaharsh/Documents/eclipse_workspace/one/src/test/resources
2017-02-16 15:49:47,717 [Worker-290] WARN  o.e.m.c.i.embedder.EclipseLogger - Using platform encoding (UTF-8 actually) to copy filtered resources, i.e. build is platform dependent!
2017-02-16 15:49:47,718 [Worker-290] INFO  o.e.m.c.i.embedder.EclipseLogger - Copying 0 resource
2017-02-16 15:49:47,719 [Worker-290] WARN  o.e.m.c.i.embedder.EclipseLogger - Using platform encoding (UTF-8 actually) to copy filtered resources, i.e. build is platform dependent!
2017-02-16 15:49:47,720 [Worker-290] INFO  o.e.m.c.i.embedder.EclipseLogger - skip non existing resourceDirectory /Users/jaharsh/Documents/eclipse_workspace/one/src/test/resources
2017-02-16 15:49:55,633 [Worker-285] WARN  o.e.m.c.i.embedder.EclipseLogger - Using platform encoding (UTF-8 actually) to copy filtered resources, i.e. build is platform dependent!
2017-02-16 15:49:55,634 [Worker-285] INFO  o.e.m.c.i.embedder.EclipseLogger - Copying 0 resource
2017-02-16 15:49:55,636 [Worker-285] WARN  o.e.m.c.i.embedder.EclipseLogger - Using platform encoding (UTF-8 actually) to copy filtered resources, i.e. build is platform dependent!
2017-02-16 15:49:55,636 [Worker-285] INFO  o.e.m.c.i.embedder.EclipseLogger - skip non existing resourceDirectory /Users/jaharsh/Documents/eclipse_workspace/one/src/test/resources
2017-02-16 15:50:02,819 [Worker-287] WARN  o.e.m.c.i.embedder.EclipseLogger - Using platform encoding (UTF-8 actually) to copy filtered resources, i.e. build is platform dependent!
2017-02-16 15:50:02,821 [Worker-287] INFO  o.e.m.c.i.embedder.EclipseLogger - Copying 0 resource
2017-02-16 15:50:02,822 [Worker-287] WARN  o.e.m.c.i.embedder.EclipseLogger - Using platform encoding (UTF-8 actually) to copy filtered resources, i.e. build is platform dependent!
2017-02-16 15:50:02,823 [Worker-287] INFO  o.e.m.c.i.embedder.EclipseLogger - skip non existing resourceDirectory /Users/jaharsh/Documents/eclipse_workspace/one/src/test/resources
2017-02-16 15:50:51,075 [Worker-289] WARN  o.e.m.c.i.embedder.EclipseLogger - Using platform encoding (UTF-8 actually) to copy filtered resources, i.e. build is platform dependent!
2017-02-16 15:50:51,076 [Worker-289] INFO  o.e.m.c.i.embedder.EclipseLogger - Copying 0 resource
2017-02-16 15:50:51,077 [Worker-289] WARN  o.e.m.c.i.embedder.EclipseLogger - Using platform encoding (UTF-8 actually) to copy filtered resources, i.e. build is platform dependent!
2017-02-16 15:50:51,077 [Worker-289] INFO  o.e.m.c.i.embedder.EclipseLogger - skip non existing resourceDirectory /Users/jaharsh/Documents/eclipse_workspace/one/src/test/resources
2017-02-16 15:50:57,409 [Worker-285] WARN  o.e.m.c.i.embedder.EclipseLogger - Using platform encoding (UTF-8 actually) to copy filtered resources, i.e. build is platform dependent!
2017-02-16 15:50:57,409 [Worker-285] INFO  o.e.m.c.i.embedder.EclipseLogger - Copying 0 resource
2017-02-16 15:50:57,410 [Worker-285] WARN  o.e.m.c.i.embedder.EclipseLogger - Using platform encoding (UTF-8 actually) to copy filtered resources, i.e. build is platform dependent!
2017-02-16 15:50:57,410 [Worker-285] INFO  o.e.m.c.i.embedder.EclipseLogger - skip non existing resourceDirectory /Users/jaharsh/Documents/eclipse_workspace/one/src/test/resources
2017-02-16 15:51:08,032 [Worker-289] WARN  o.e.m.c.i.embedder.EclipseLogger - Using platform encoding (UTF-8 actually) to copy filtered resources, i.e. build is platform dependent!
2017-02-16 15:51:08,033 [Worker-289] INFO  o.e.m.c.i.embedder.EclipseLogger - Copying 0 resource
2017-02-16 15:51:08,034 [Worker-289] WARN  o.e.m.c.i.embedder.EclipseLogger - Using platform encoding (UTF-8 actually) to copy filtered resources, i.e. build is platform dependent!
2017-02-16 15:51:08,034 [Worker-289] INFO  o.e.m.c.i.embedder.EclipseLogger - skip non existing resourceDirectory /Users/jaharsh/Documents/eclipse_workspace/one/src/test/resources
2017-02-16 15:51:16,834 [Worker-290] WARN  o.e.m.c.i.embedder.EclipseLogger - Using platform encoding (UTF-8 actually) to copy filtered resources, i.e. build is platform dependent!
2017-02-16 15:51:16,835 [Worker-290] INFO  o.e.m.c.i.embedder.EclipseLogger - Copying 0 resource
2017-02-16 15:51:16,836 [Worker-290] WARN  o.e.m.c.i.embedder.EclipseLogger - Using platform encoding (UTF-8 actually) to copy filtered resources, i.e. build is platform dependent!
2017-02-16 15:51:16,836 [Worker-290] INFO  o.e.m.c.i.embedder.EclipseLogger - skip non existing resourceDirectory /Users/jaharsh/Documents/eclipse_workspace/one/src/test/resources
2017-02-16 15:53:04,075 [Worker-289] WARN  o.e.m.c.i.embedder.EclipseLogger - Using platform encoding (UTF-8 actually) to copy filtered resources, i.e. build is platform dependent!
2017-02-16 15:53:04,075 [Worker-289] INFO  o.e.m.c.i.embedder.EclipseLogger - Copying 0 resource
2017-02-16 15:53:04,076 [Worker-289] WARN  o.e.m.c.i.embedder.EclipseLogger - Using platform encoding (UTF-8 actually) to copy filtered resources, i.e. build is platform dependent!
2017-02-16 15:53:04,077 [Worker-289] INFO  o.e.m.c.i.embedder.EclipseLogger - skip non existing resourceDirectory /Users/jaharsh/Documents/eclipse_workspace/one/src/test/resources
2017-02-16 15:53:48,425 [Worker-285] WARN  o.e.m.c.i.embedder.EclipseLogger - Using platform encoding (UTF-8 actually) to copy filtered resources, i.e. build is platform dependent!
2017-02-16 15:53:48,426 [Worker-285] INFO  o.e.m.c.i.embedder.EclipseLogger - Copying 0 resource
2017-02-16 15:53:48,427 [Worker-285] WARN  o.e.m.c.i.embedder.EclipseLogger - Using platform encoding (UTF-8 actually) to copy filtered resources, i.e. build is platform dependent!
2017-02-16 15:53:48,428 [Worker-285] INFO  o.e.m.c.i.embedder.EclipseLogger - skip non existing resourceDirectory /Users/jaharsh/Documents/eclipse_workspace/one/src/test/resources
2017-02-16 15:53:56,554 [Worker-292] WARN  o.e.m.c.i.embedder.EclipseLogger - Using platform encoding (UTF-8 actually) to copy filtered resources, i.e. build is platform dependent!
2017-02-16 15:53:56,555 [Worker-292] INFO  o.e.m.c.i.embedder.EclipseLogger - Copying 0 resource
2017-02-16 15:53:56,557 [Worker-292] WARN  o.e.m.c.i.embedder.EclipseLogger - Using platform encoding (UTF-8 actually) to copy filtered resources, i.e. build is platform dependent!
2017-02-16 15:53:56,558 [Worker-292] INFO  o.e.m.c.i.embedder.EclipseLogger - skip non existing resourceDirectory /Users/jaharsh/Documents/eclipse_workspace/one/src/test/resources
2017-02-16 15:54:12,562 [Worker-285] WARN  o.e.m.c.i.embedder.EclipseLogger - Using platform encoding (UTF-8 actually) to copy filtered resources, i.e. build is platform dependent!
2017-02-16 15:54:12,562 [Worker-285] INFO  o.e.m.c.i.embedder.EclipseLogger - Copying 0 resource
2017-02-16 15:54:12,563 [Worker-285] WARN  o.e.m.c.i.embedder.EclipseLogger - Using platform encoding (UTF-8 actually) to copy filtered resources, i.e. build is platform dependent!
2017-02-16 15:54:12,564 [Worker-285] INFO  o.e.m.c.i.embedder.EclipseLogger - skip non existing resourceDirectory /Users/jaharsh/Documents/eclipse_workspace/one/src/test/resources
2017-02-16 15:54:38,301 [Worker-289] WARN  o.e.m.c.i.embedder.EclipseLogger - Using platform encoding (UTF-8 actually) to copy filtered resources, i.e. build is platform dependent!
2017-02-16 15:54:38,302 [Worker-289] INFO  o.e.m.c.i.embedder.EclipseLogger - Copying 0 resource
2017-02-16 15:54:38,302 [Worker-289] WARN  o.e.m.c.i.embedder.EclipseLogger - Using platform encoding (UTF-8 actually) to copy filtered resources, i.e. build is platform dependent!
2017-02-16 15:54:38,303 [Worker-289] INFO  o.e.m.c.i.embedder.EclipseLogger - skip non existing resourceDirectory /Users/jaharsh/Documents/eclipse_workspace/one/src/test/resources
2017-02-16 15:55:24,616 [Worker-285] WARN  o.e.m.c.i.embedder.EclipseLogger - Using platform encoding (UTF-8 actually) to copy filtered resources, i.e. build is platform dependent!
2017-02-16 15:55:24,616 [Worker-285] INFO  o.e.m.c.i.embedder.EclipseLogger - Copying 0 resource
2017-02-16 15:55:24,617 [Worker-285] WARN  o.e.m.c.i.embedder.EclipseLogger - Using platform encoding (UTF-8 actually) to copy filtered resources, i.e. build is platform dependent!
2017-02-16 15:55:24,617 [Worker-285] INFO  o.e.m.c.i.embedder.EclipseLogger - skip non existing resourceDirectory /Users/jaharsh/Documents/eclipse_workspace/one/src/test/resources
2017-02-16 15:55:41,771 [Worker-289] WARN  o.e.m.c.i.embedder.EclipseLogger - Using platform encoding (UTF-8 actually) to copy filtered resources, i.e. build is platform dependent!
2017-02-16 15:55:41,772 [Worker-289] INFO  o.e.m.c.i.embedder.EclipseLogger - Copying 0 resource
2017-02-16 15:55:41,773 [Worker-289] WARN  o.e.m.c.i.embedder.EclipseLogger - Using platform encoding (UTF-8 actually) to copy filtered resources, i.e. build is platform dependent!
2017-02-16 15:55:41,774 [Worker-289] INFO  o.e.m.c.i.embedder.EclipseLogger - skip non existing resourceDirectory /Users/jaharsh/Documents/eclipse_workspace/one/src/test/resources
2017-02-16 15:55:50,329 [Worker-290] WARN  o.e.m.c.i.embedder.EclipseLogger - Using platform encoding (UTF-8 actually) to copy filtered resources, i.e. build is platform dependent!
2017-02-16 15:55:50,330 [Worker-290] INFO  o.e.m.c.i.embedder.EclipseLogger - Copying 0 resource
2017-02-16 15:55:50,331 [Worker-290] WARN  o.e.m.c.i.embedder.EclipseLogger - Using platform encoding (UTF-8 actually) to copy filtered resources, i.e. build is platform dependent!
2017-02-16 15:55:50,331 [Worker-290] INFO  o.e.m.c.i.embedder.EclipseLogger - skip non existing resourceDirectory /Users/jaharsh/Documents/eclipse_workspace/one/src/test/resources
2017-02-16 15:56:03,774 [Worker-290] WARN  o.e.m.c.i.embedder.EclipseLogger - Using platform encoding (UTF-8 actually) to copy filtered resources, i.e. build is platform dependent!
2017-02-16 15:56:03,775 [Worker-290] INFO  o.e.m.c.i.embedder.EclipseLogger - Copying 0 resource
2017-02-16 15:56:03,776 [Worker-290] WARN  o.e.m.c.i.embedder.EclipseLogger - Using platform encoding (UTF-8 actually) to copy filtered resources, i.e. build is platform dependent!
2017-02-16 15:56:03,776 [Worker-290] INFO  o.e.m.c.i.embedder.EclipseLogger - skip non existing resourceDirectory /Users/jaharsh/Documents/eclipse_workspace/one/src/test/resources
2017-02-16 15:58:54,473 [Worker-293] WARN  o.e.m.c.i.embedder.EclipseLogger - Using platform encoding (UTF-8 actually) to copy filtered resources, i.e. build is platform dependent!
2017-02-16 15:58:54,473 [Worker-293] INFO  o.e.m.c.i.embedder.EclipseLogger - Copying 0 resource
2017-02-16 15:58:54,474 [Worker-293] WARN  o.e.m.c.i.embedder.EclipseLogger - Using platform encoding (UTF-8 actually) to copy filtered resources, i.e. build is platform dependent!
2017-02-16 15:58:54,474 [Worker-293] INFO  o.e.m.c.i.embedder.EclipseLogger - skip non existing resourceDirectory /Users/jaharsh/Documents/eclipse_workspace/one/src/test/resources
2017-02-16 15:59:10,670 [Worker-289] WARN  o.e.m.c.i.embedder.EclipseLogger - Using platform encoding (UTF-8 actually) to copy filtered resources, i.e. build is platform dependent!
2017-02-16 15:59:10,670 [Worker-289] INFO  o.e.m.c.i.embedder.EclipseLogger - Copying 0 resource
2017-02-16 15:59:10,671 [Worker-289] WARN  o.e.m.c.i.embedder.EclipseLogger - Using platform encoding (UTF-8 actually) to copy filtered resources, i.e. build is platform dependent!
2017-02-16 15:59:10,672 [Worker-289] INFO  o.e.m.c.i.embedder.EclipseLogger - skip non existing resourceDirectory /Users/jaharsh/Documents/eclipse_workspace/one/src/test/resources
2017-02-16 15:59:30,173 [Worker-294] WARN  o.e.m.c.i.embedder.EclipseLogger - Using platform encoding (UTF-8 actually) to copy filtered resources, i.e. build is platform dependent!
2017-02-16 15:59:30,174 [Worker-294] INFO  o.e.m.c.i.embedder.EclipseLogger - Copying 0 resource
2017-02-16 15:59:30,175 [Worker-294] WARN  o.e.m.c.i.embedder.EclipseLogger - Using platform encoding (UTF-8 actually) to copy filtered resources, i.e. build is platform dependent!
2017-02-16 15:59:30,175 [Worker-294] INFO  o.e.m.c.i.embedder.EclipseLogger - skip non existing resourceDirectory /Users/jaharsh/Documents/eclipse_workspace/one/src/test/resources
2017-02-22 23:59:40,758 [Worker-2602] WARN  o.e.m.c.i.embedder.EclipseLogger - Using platform encoding (UTF-8 actually) to copy filtered resources, i.e. build is platform dependent!
2017-02-22 23:59:40,772 [Worker-2602] INFO  o.e.m.c.i.embedder.EclipseLogger - Copying 0 resource
2017-02-22 23:59:40,774 [Worker-2602] WARN  o.e.m.c.i.embedder.EclipseLogger - Using platform encoding (UTF-8 actually) to copy filtered resources, i.e. build is platform dependent!
2017-02-22 23:59:40,775 [Worker-2602] INFO  o.e.m.c.i.embedder.EclipseLogger - skip non existing resourceDirectory /Users/jaharsh/Documents/eclipse_workspace/one/src/test/resources
2017-02-23 00:11:09,351 [Worker-2612] WARN  o.e.m.c.i.embedder.EclipseLogger - Using platform encoding (UTF-8 actually) to copy filtered resources, i.e. build is platform dependent!
2017-02-23 00:11:09,352 [Worker-2612] INFO  o.e.m.c.i.embedder.EclipseLogger - Copying 0 resource
2017-02-23 00:11:09,353 [Worker-2612] WARN  o.e.m.c.i.embedder.EclipseLogger - Using platform encoding (UTF-8 actually) to copy filtered resources, i.e. build is platform dependent!
2017-02-23 00:11:09,353 [Worker-2612] INFO  o.e.m.c.i.embedder.EclipseLogger - skip non existing resourceDirectory /Users/jaharsh/Documents/eclipse_workspace/one/src/test/resources
2017-02-23 00:11:38,869 [Worker-2605] WARN  o.e.m.c.i.embedder.EclipseLogger - Using platform encoding (UTF-8 actually) to copy filtered resources, i.e. build is platform dependent!
2017-02-23 00:11:38,870 [Worker-2605] INFO  o.e.m.c.i.embedder.EclipseLogger - Copying 0 resource
2017-02-23 00:11:38,871 [Worker-2605] WARN  o.e.m.c.i.embedder.EclipseLogger - Using platform encoding (UTF-8 actually) to copy filtered resources, i.e. build is platform dependent!
2017-02-23 00:11:38,871 [Worker-2605] INFO  o.e.m.c.i.embedder.EclipseLogger - skip non existing resourceDirectory /Users/jaharsh/Documents/eclipse_workspace/one/src/test/resources
2017-02-23 00:11:49,585 [Worker-2612] WARN  o.e.m.c.i.embedder.EclipseLogger - Using platform encoding (UTF-8 actually) to copy filtered resources, i.e. build is platform dependent!
2017-02-23 00:11:49,586 [Worker-2612] INFO  o.e.m.c.i.embedder.EclipseLogger - Copying 0 resource
2017-02-23 00:11:49,587 [Worker-2612] WARN  o.e.m.c.i.embedder.EclipseLogger - Using platform encoding (UTF-8 actually) to copy filtered resources, i.e. build is platform dependent!
2017-02-23 00:11:49,587 [Worker-2612] INFO  o.e.m.c.i.embedder.EclipseLogger - skip non existing resourceDirectory /Users/jaharsh/Documents/eclipse_workspace/one/src/test/resources
2017-02-23 00:12:06,808 [Worker-2612] WARN  o.e.m.c.i.embedder.EclipseLogger - Using platform encoding (UTF-8 actually) to copy filtered resources, i.e. build is platform dependent!
2017-02-23 00:12:06,809 [Worker-2612] INFO  o.e.m.c.i.embedder.EclipseLogger - Copying 0 resource
2017-02-23 00:12:06,810 [Worker-2612] WARN  o.e.m.c.i.embedder.EclipseLogger - Using platform encoding (UTF-8 actually) to copy filtered resources, i.e. build is platform dependent!
2017-02-23 00:12:06,810 [Worker-2612] INFO  o.e.m.c.i.embedder.EclipseLogger - skip non existing resourceDirectory /Users/jaharsh/Documents/eclipse_workspace/one/src/test/resources
2017-02-23 00:12:20,627 [Worker-2612] WARN  o.e.m.c.i.embedder.EclipseLogger - Using platform encoding (UTF-8 actually) to copy filtered resources, i.e. build is platform dependent!
2017-02-23 00:12:20,628 [Worker-2612] INFO  o.e.m.c.i.embedder.EclipseLogger - Copying 0 resource
2017-02-23 00:12:20,628 [Worker-2612] WARN  o.e.m.c.i.embedder.EclipseLogger - Using platform encoding (UTF-8 actually) to copy filtered resources, i.e. build is platform dependent!
2017-02-23 00:12:20,629 [Worker-2612] INFO  o.e.m.c.i.embedder.EclipseLogger - skip non existing resourceDirectory /Users/jaharsh/Documents/eclipse_workspace/one/src/test/resources
2017-02-23 00:12:28,325 [Worker-2612] WARN  o.e.m.c.i.embedder.EclipseLogger - Using platform encoding (UTF-8 actually) to copy filtered resources, i.e. build is platform dependent!
2017-02-23 00:12:28,325 [Worker-2612] INFO  o.e.m.c.i.embedder.EclipseLogger - Copying 0 resource
2017-02-23 00:12:28,326 [Worker-2612] WARN  o.e.m.c.i.embedder.EclipseLogger - Using platform encoding (UTF-8 actually) to copy filtered resources, i.e. build is platform dependent!
2017-02-23 00:12:28,327 [Worker-2612] INFO  o.e.m.c.i.embedder.EclipseLogger - skip non existing resourceDirectory /Users/jaharsh/Documents/eclipse_workspace/one/src/test/resources
2017-02-23 00:12:41,110 [Worker-2613] WARN  o.e.m.c.i.embedder.EclipseLogger - Using platform encoding (UTF-8 actually) to copy filtered resources, i.e. build is platform dependent!
2017-02-23 00:12:41,111 [Worker-2613] INFO  o.e.m.c.i.embedder.EclipseLogger - Copying 0 resource
2017-02-23 00:12:41,112 [Worker-2613] WARN  o.e.m.c.i.embedder.EclipseLogger - Using platform encoding (UTF-8 actually) to copy filtered resources, i.e. build is platform dependent!
2017-02-23 00:12:41,112 [Worker-2613] INFO  o.e.m.c.i.embedder.EclipseLogger - skip non existing resourceDirectory /Users/jaharsh/Documents/eclipse_workspace/one/src/test/resources
2017-02-23 00:12:51,339 [Worker-2605] WARN  o.e.m.c.i.embedder.EclipseLogger - Using platform encoding (UTF-8 actually) to copy filtered resources, i.e. build is platform dependent!
2017-02-23 00:12:51,339 [Worker-2605] INFO  o.e.m.c.i.embedder.EclipseLogger - Copying 0 resource
2017-02-23 00:12:51,340 [Worker-2605] WARN  o.e.m.c.i.embedder.EclipseLogger - Using platform encoding (UTF-8 actually) to copy filtered resources, i.e. build is platform dependent!
2017-02-23 00:12:51,341 [Worker-2605] INFO  o.e.m.c.i.embedder.EclipseLogger - skip non existing resourceDirectory /Users/jaharsh/Documents/eclipse_workspace/one/src/test/resources
2017-02-23 00:12:58,096 [Worker-2613] WARN  o.e.m.c.i.embedder.EclipseLogger - Using platform encoding (UTF-8 actually) to copy filtered resources, i.e. build is platform dependent!
2017-02-23 00:12:58,097 [Worker-2613] INFO  o.e.m.c.i.embedder.EclipseLogger - Copying 0 resource
2017-02-23 00:12:58,098 [Worker-2613] WARN  o.e.m.c.i.embedder.EclipseLogger - Using platform encoding (UTF-8 actually) to copy filtered resources, i.e. build is platform dependent!
2017-02-23 00:12:58,098 [Worker-2613] INFO  o.e.m.c.i.embedder.EclipseLogger - skip non existing resourceDirectory /Users/jaharsh/Documents/eclipse_workspace/one/src/test/resources
2017-02-23 00:14:04,189 [Worker-2613] WARN  o.e.m.c.i.embedder.EclipseLogger - Using platform encoding (UTF-8 actually) to copy filtered resources, i.e. build is platform dependent!
2017-02-23 00:14:04,190 [Worker-2613] INFO  o.e.m.c.i.embedder.EclipseLogger - Copying 0 resource
2017-02-23 00:14:04,191 [Worker-2613] WARN  o.e.m.c.i.embedder.EclipseLogger - Using platform encoding (UTF-8 actually) to copy filtered resources, i.e. build is platform dependent!
2017-02-23 00:14:04,192 [Worker-2613] INFO  o.e.m.c.i.embedder.EclipseLogger - skip non existing resourceDirectory /Users/jaharsh/Documents/eclipse_workspace/one/src/test/resources
2017-02-23 00:14:19,547 [Worker-2610] WARN  o.e.m.c.i.embedder.EclipseLogger - Using platform encoding (UTF-8 actually) to copy filtered resources, i.e. build is platform dependent!
2017-02-23 00:14:19,548 [Worker-2610] INFO  o.e.m.c.i.embedder.EclipseLogger - Copying 0 resource
2017-02-23 00:14:19,550 [Worker-2610] WARN  o.e.m.c.i.embedder.EclipseLogger - Using platform encoding (UTF-8 actually) to copy filtered resources, i.e. build is platform dependent!
2017-02-23 00:14:19,550 [Worker-2610] INFO  o.e.m.c.i.embedder.EclipseLogger - skip non existing resourceDirectory /Users/jaharsh/Documents/eclipse_workspace/one/src/test/resources
2017-02-23 00:14:55,136 [Worker-2616] WARN  o.e.m.c.i.embedder.EclipseLogger - Using platform encoding (UTF-8 actually) to copy filtered resources, i.e. build is platform dependent!
2017-02-23 00:14:55,136 [Worker-2616] INFO  o.e.m.c.i.embedder.EclipseLogger - Copying 0 resource
2017-02-23 00:14:55,137 [Worker-2616] WARN  o.e.m.c.i.embedder.EclipseLogger - Using platform encoding (UTF-8 actually) to copy filtered resources, i.e. build is platform dependent!
2017-02-23 00:14:55,138 [Worker-2616] INFO  o.e.m.c.i.embedder.EclipseLogger - skip non existing resourceDirectory /Users/jaharsh/Documents/eclipse_workspace/one/src/test/resources
2017-02-23 00:15:47,996 [Worker-2605] WARN  o.e.m.c.i.embedder.EclipseLogger - Using platform encoding (UTF-8 actually) to copy filtered resources, i.e. build is platform dependent!
2017-02-23 00:15:47,997 [Worker-2605] INFO  o.e.m.c.i.embedder.EclipseLogger - Copying 0 resource
2017-02-23 00:15:47,998 [Worker-2605] WARN  o.e.m.c.i.embedder.EclipseLogger - Using platform encoding (UTF-8 actually) to copy filtered resources, i.e. build is platform dependent!
2017-02-23 00:15:47,998 [Worker-2605] INFO  o.e.m.c.i.embedder.EclipseLogger - skip non existing resourceDirectory /Users/jaharsh/Documents/eclipse_workspace/one/src/test/resources
2017-02-23 00:16:24,396 [Worker-2613] INFO  o.e.m.c.i.l.LifecycleMappingFactory - Using org.maven.ide.eclipse.wtp.WarLifecycleMapping lifecycle mapping for MavenProject: edu.asu.diging.tutorial.spring:one:0.0.1-SNAPSHOT @ /Users/jaharsh/Documents/eclipse_workspace/one/pom.xml.
2017-02-23 00:16:24,668 [Worker-2613] INFO  o.e.m.c.i.e.AbstractTransferListenerAdapter - Downloading https://repo.maven.apache.org/maven2/jstl/jstl/1.2/jstl-1.2.pom
2017-02-23 00:16:24,702 [Worker-2613] INFO  o.e.m.c.i.e.AbstractTransferListenerAdapter - Downloaded https://repo.maven.apache.org/maven2/jstl/jstl/1.2/jstl-1.2.pom
2017-02-23 00:16:24,736 [Worker-2613] INFO  o.e.m.c.i.e.AbstractTransferListenerAdapter - Downloading https://repo.maven.apache.org/maven2/jstl/jstl/1.2/jstl-1.2.jar
2017-02-23 00:16:24,891 [Worker-2613] INFO  o.e.m.c.i.e.AbstractTransferListenerAdapter - Downloaded https://repo.maven.apache.org/maven2/jstl/jstl/1.2/jstl-1.2.jar
2017-02-23 00:16:25,345 [Worker-2613] WARN  o.e.m.c.i.embedder.EclipseLogger - Using platform encoding (UTF-8 actually) to copy filtered resources, i.e. build is platform dependent!
2017-02-23 00:16:25,347 [Worker-2613] INFO  o.e.m.c.i.embedder.EclipseLogger - Copying 0 resource
2017-02-23 00:16:25,349 [Worker-2613] WARN  o.e.m.c.i.embedder.EclipseLogger - Using platform encoding (UTF-8 actually) to copy filtered resources, i.e. build is platform dependent!
2017-02-23 00:16:25,349 [Worker-2613] INFO  o.e.m.c.i.embedder.EclipseLogger - skip non existing resourceDirectory /Users/jaharsh/Documents/eclipse_workspace/one/src/test/resources
2017-02-23 00:16:25,349 [Worker-2613] INFO  o.e.m.w.i.f.ResourceFilteringBuildParticipant - Changed resources require a complete clean of filtered resources of one
2017-02-23 00:16:25,350 [Worker-2613] INFO  o.e.m.w.i.f.ResourceFilteringBuildParticipant - Executing resource filtering for one
2017-02-23 00:16:25,353 [Worker-2613] WARN  o.e.m.c.i.embedder.EclipseLogger - Using platform encoding (UTF-8 actually) to copy filtered resources, i.e. build is platform dependent!
2017-02-23 00:16:26,660 [Worker-2612] WARN  o.e.m.c.i.embedder.EclipseLogger - Using platform encoding (UTF-8 actually) to copy filtered resources, i.e. build is platform dependent!
2017-02-23 00:16:26,663 [Worker-2612] INFO  o.e.m.c.i.embedder.EclipseLogger - Copying 0 resource
2017-02-23 00:16:26,665 [Worker-2612] WARN  o.e.m.c.i.embedder.EclipseLogger - Using platform encoding (UTF-8 actually) to copy filtered resources, i.e. build is platform dependent!
2017-02-23 00:16:26,665 [Worker-2612] INFO  o.e.m.c.i.embedder.EclipseLogger - skip non existing resourceDirectory /Users/jaharsh/Documents/eclipse_workspace/one/src/test/resources
